[2023-04-21 17:13:40,867] INFO Expiring session 0x100055084410003, timeout of 18000ms exceeded (org.apache.zookeeper.server.ZooKeeperServer)
[2023-04-21 17:13:40,734] WARN Client session timed out, have not heard from server in 1294008ms for session id 0x100055084410003 (org.apache.zookeeper.ClientCnxn)
[2023-04-21 17:13:42,226] WARN Session 0x100055084410003 for sever localhost/0:0:0:0:0:0:0:1:2181, Closing socket connection. Attempting reconnect except it is a SessionExpiredException. (org.apache.zookeeper.ClientCnxn)
org.apache.zookeeper.ClientCnxn$SessionTimeoutException: Client session timed out, have not heard from server in 1294008ms for session id 0x100055084410003
	at org.apache.zookeeper.ClientCnxn$SendThread.run(ClientCnxn.java:1258)
[2023-04-21 17:13:44,051] WARN Close of session 0x100055084410003 (org.apache.zookeeper.server.NIOServerCnxn)
java.nio.channels.AsynchronousCloseException
	at java.nio.channels.spi.AbstractInterruptibleChannel.end(Unknown Source)
	at sun.nio.ch.SocketChannelImpl.read(Unknown Source)
	at org.apache.zookeeper.server.NIOServerCnxn.doIO(NIOServerCnxn.java:324)
	at org.apache.zookeeper.server.NIOServerCnxnFactory$IOWorkRequest.doWork(NIOServerCnxnFactory.java:522)
	at org.apache.zookeeper.server.WorkerService$ScheduledWorkRequest.run(WorkerService.java:154)
	at java.util.concurrent.ThreadPoolExecutor.runWorker(Unknown Source)
	at java.util.concurrent.ThreadPoolExecutor$Worker.run(Unknown Source)
	at java.lang.Thread.run(Unknown Source)
[2023-04-21 17:13:44,747] INFO Opening socket connection to server localhost/0:0:0:0:0:0:0:1:2181. (org.apache.zookeeper.ClientCnxn)
[2023-04-21 17:13:44,945] INFO Socket connection established, initiating session, client: /0:0:0:0:0:0:0:1:51402, server: localhost/0:0:0:0:0:0:0:1:2181 (org.apache.zookeeper.ClientCnxn)
[2023-04-21 17:13:45,066] INFO Invalid session 0x100055084410003 for client /0:0:0:0:0:0:0:1:51402, probably expired (org.apache.zookeeper.server.ZooKeeperServer)
[2023-04-21 17:13:45,206] WARN Unable to reconnect to ZooKeeper service, session 0x100055084410003 has expired (org.apache.zookeeper.ClientCnxn)
[2023-04-21 17:13:45,264] WARN Session 0x100055084410003 for sever localhost/0:0:0:0:0:0:0:1:2181, Closing socket connection. Attempting reconnect except it is a SessionExpiredException. (org.apache.zookeeper.ClientCnxn)
org.apache.zookeeper.ClientCnxn$SessionExpiredException: Unable to reconnect to ZooKeeper service, session 0x100055084410003 has expired
	at org.apache.zookeeper.ClientCnxn$SendThread.onConnected(ClientCnxn.java:1434)
	at org.apache.zookeeper.ClientCnxnSocket.readConnectResult(ClientCnxnSocket.java:154)
	at org.apache.zookeeper.ClientCnxnSocketNIO.doIO(ClientCnxnSocketNIO.java:86)
	at org.apache.zookeeper.ClientCnxnSocketNIO.doTransport(ClientCnxnSocketNIO.java:350)
	at org.apache.zookeeper.ClientCnxn$SendThread.run(ClientCnxn.java:1290)
[2023-04-21 17:13:45,208] INFO [ZooKeeperClient Kafka server] Session expired. (kafka.zookeeper.ZooKeeperClient)
[2023-04-21 17:13:45,207] INFO EventThread shut down for session: 0x100055084410003 (org.apache.zookeeper.ClientCnxn)
[2023-04-21 17:13:45,615] INFO [ZooKeeperClient Kafka server] Initializing a new session to localhost:2181. (kafka.zookeeper.ZooKeeperClient)
[2023-04-21 17:13:46,049] INFO Initiating client connection, connectString=localhost:2181 sessionTimeout=18000 watcher=kafka.zookeeper.ZooKeeperClient$ZooKeeperClientWatcher$@bc55de (org.apache.zookeeper.ZooKeeper)
[2023-04-21 17:13:46,139] INFO jute.maxbuffer value is 4194304 Bytes (org.apache.zookeeper.ClientCnxnSocket)
[2023-04-21 17:13:46,235] INFO zookeeper.request.timeout value is 0. feature enabled=false (org.apache.zookeeper.ClientCnxn)
[2023-04-21 17:13:46,510] INFO Opening socket connection to server localhost/127.0.0.1:2181. (org.apache.zookeeper.ClientCnxn)
[2023-04-21 17:13:46,536] INFO Creating /brokers/ids/0 (is it secure? false) (kafka.zk.KafkaZkClient)
[2023-04-21 17:13:46,551] INFO Socket connection established, initiating session, client: /127.0.0.1:51435, server: localhost/127.0.0.1:2181 (org.apache.zookeeper.ClientCnxn)
[2023-04-21 17:13:46,607] INFO Session establishment complete on server localhost/127.0.0.1:2181, session id = 0x100055084410004, negotiated timeout = 18000 (org.apache.zookeeper.ClientCnxn)
[2023-04-21 17:13:46,679] INFO Stat of the created znode at /brokers/ids/0 is: 183,183,1682077426667,1682077426667,1,0,0,72063437412302852,204,0,183
 (kafka.zk.KafkaZkClient)
[2023-04-21 17:13:46,683] INFO [MetadataCache brokerId=0] Updated cache from existing FinalizedFeaturesAndEpoch(features=Map(), epoch=0) to latest FinalizedFeaturesAndEpoch(features=Map(), epoch=0). (kafka.server.metadata.ZkMetadataCache)
[2023-04-21 17:13:46,767] INFO Registered broker 0 at path /brokers/ids/0 with addresses: PLAINTEXT://SSLTP11229:9092, czxid (broker epoch): 183 (kafka.zk.KafkaZkClient)
[2023-04-21 17:13:47,774] INFO [ReplicaFetcherManager on broker 0] Removed fetcher for partitions HashSet(__consumer_offsets-30, __consumer_offsets-21, __consumer_offsets-27, __consumer_offsets-35, __consumer_offsets-28, __consumer_offsets-36, __consumer_offsets-42, __consumer_offsets-15, __consumer_offsets-13, __consumer_offsets-12, __consumer_offsets-43, __consumer_offsets-6, __consumer_offsets-20, __consumer_offsets-0, __consumer_offsets-45, __consumer_offsets-5) (kafka.server.ReplicaFetcherManager)
[2023-04-21 17:13:48,752] ERROR [KafkaApi-0] Unexpected error handling request RequestHeader(apiKey=LEADER_AND_ISR, apiVersion=7, clientId=0, correlationId=1, headerVersion=2) -- LeaderAndIsrRequestData(controllerId=0, isKRaftController=false, controllerEpoch=6, brokerEpoch=183, type=0, ungroupedPartitionStates=[], topicStates=[LeaderAndIsrTopicState(topicName='quickstart-events', topicId=i7vwjRyZTie5zpGd0shesw, partitionStates=[LeaderAndIsrPartitionState(topicName='quickstart-events', partitionIndex=0, controllerEpoch=2, leader=0, leaderEpoch=0, isr=[0], partitionEpoch=0, replicas=[0], addingReplicas=[], removingReplicas=[], isNew=false, leaderRecoveryState=0)]), LeaderAndIsrTopicState(topicName='--quickstart-events', topicId=D79WoMq8SYqFCfMbdvOEzA, partitionStates=[LeaderAndIsrPartitionState(topicName='--quickstart-events', partitionIndex=0, controllerEpoch=3, leader=0, leaderEpoch=0, isr=[0], partitionEpoch=0, replicas=[0], addingReplicas=[], removingReplicas=[], isNew=false, leaderRecoveryState=0)]), LeaderAndIsrTopicState(topicName='__consumer_offsets', topicId=YiEjpeqITfq9kuCIOq0IUw, partitionStates=[LeaderAndIsrPartitionState(topicName='__consumer_offsets', partitionIndex=13, controllerEpoch=3, leader=0, leaderEpoch=0, isr=[0], partitionEpoch=0, replicas=[0], addingReplicas=[], removingReplicas=[], isNew=false, leaderRecoveryState=0), LeaderAndIsrPartitionState(topicName='__consumer_offsets', partitionIndex=46, controllerEpoch=3, leader=0, leaderEpoch=0, isr=[0], partitionEpoch=0, replicas=[0], addingReplicas=[], removingReplicas=[], isNew=false, leaderRecoveryState=0), LeaderAndIsrPartitionState(topicName='__consumer_offsets', partitionIndex=9, controllerEpoch=3, leader=0, leaderEpoch=0, isr=[0], partitionEpoch=0, replicas=[0], addingReplicas=[], removingReplicas=[], isNew=false, leaderRecoveryState=0), LeaderAndIsrPartitionState(topicName='__consumer_offsets', partitionIndex=42, controllerEpoch=3, leader=0, leaderEpoch=0, isr=[0], partitionEpoch=0, replicas=[0], addingReplicas=[], removingReplicas=[], isNew=false, leaderRecoveryState=0), LeaderAndIsrPartitionState(topicName='__consumer_offsets', partitionIndex=21, controllerEpoch=3, leader=0, leaderEpoch=0, isr=[0], partitionEpoch=0, replicas=[0], addingReplicas=[], removingReplicas=[], isNew=false, leaderRecoveryState=0), LeaderAndIsrPartitionState(topicName='__consumer_offsets', partitionIndex=17, controllerEpoch=3, leader=0, leaderEpoch=0, isr=[0], partitionEpoch=0, replicas=[0], addingReplicas=[], removingReplicas=[], isNew=false, leaderRecoveryState=0), LeaderAndIsrPartitionState(topicName='__consumer_offsets', partitionIndex=30, controllerEpoch=3, leader=0, leaderEpoch=0, isr=[0], partitionEpoch=0, replicas=[0], addingReplicas=[], removingReplicas=[], isNew=false, leaderRecoveryState=0), LeaderAndIsrPartitionState(topicName='__consumer_offsets', partitionIndex=26, controllerEpoch=3, leader=0, leaderEpoch=0, isr=[0], partitionEpoch=0, replicas=[0], addingReplicas=[], removingReplicas=[], isNew=false, leaderRecoveryState=0), LeaderAndIsrPartitionState(topicName='__consumer_offsets', partitionIndex=5, controllerEpoch=3, leader=0, leaderEpoch=0, isr=[0], partitionEpoch=0, replicas=[0], addingReplicas=[], removingReplicas=[], isNew=false, leaderRecoveryState=0), LeaderAndIsrPartitionState(topicName='__consumer_offsets', partitionIndex=38, controllerEpoch=3, leader=0, leaderEpoch=0, isr=[0], partitionEpoch=0, replicas=[0], addingReplicas=[], removingReplicas=[], isNew=false, leaderRecoveryState=0), LeaderAndIsrPartitionState(topicName='__consumer_offsets', partitionIndex=1, controllerEpoch=3, leader=0, leaderEpoch=0, isr=[0], partitionEpoch=0, replicas=[0], addingReplicas=[], removingReplicas=[], isNew=false, leaderRecoveryState=0), LeaderAndIsrPartitionState(topicName='__consumer_offsets', partitionIndex=34, controllerEpoch=3, leader=0, leaderEpoch=0, isr=[0], partitionEpoch=0, replicas=[0], addingReplicas=[], removingReplicas=[], isNew=false, leaderRecoveryState=0), LeaderAndIsrPartitionState(topicName='__consumer_offsets', partitionIndex=16, controllerEpoch=3, leader=0, leaderEpoch=0, isr=[0], partitionEpoch=0, replicas=[0], addingReplicas=[], removingReplicas=[], isNew=false, leaderRecoveryState=0), LeaderAndIsrPartitionState(topicName='__consumer_offsets', partitionIndex=45, controllerEpoch=3, leader=0, leaderEpoch=0, isr=[0], partitionEpoch=0, replicas=[0], addingReplicas=[], removingReplicas=[], isNew=false, leaderRecoveryState=0), LeaderAndIsrPartitionState(topicName='__consumer_offsets', partitionIndex=12, controllerEpoch=3, leader=0, leaderEpoch=0, isr=[0], partitionEpoch=0, replicas=[0], addingReplicas=[], removingReplicas=[], isNew=false, leaderRecoveryState=0), LeaderAndIsrPartitionState(topicName='__consumer_offsets', partitionIndex=41, controllerEpoch=3, leader=0, leaderEpoch=0, isr=[0], partitionEpoch=0, replicas=[0], addingReplicas=[], removingReplicas=[], isNew=false, leaderRecoveryState=0), LeaderAndIsrPartitionState(topicName='__consumer_offsets', partitionIndex=24, controllerEpoch=3, leader=0, leaderEpoch=0, isr=[0], partitionEpoch=0, replicas=[0], addingReplicas=[], removingReplicas=[], isNew=false, leaderRecoveryState=0), LeaderAndIsrPartitionState(topicName='__consumer_offsets', partitionIndex=20, controllerEpoch=3, leader=0, leaderEpoch=0, isr=[0], partitionEpoch=0, replicas=[0], addingReplicas=[], removingReplicas=[], isNew=false, leaderRecoveryState=0), LeaderAndIsrPartitionState(topicName='__consumer_offsets', partitionIndex=49, controllerEpoch=3, leader=0, leaderEpoch=0, isr=[0], partitionEpoch=0, replicas=[0], addingReplicas=[], removingReplicas=[], isNew=false, leaderRecoveryState=0), LeaderAndIsrPartitionState(topicName='__consumer_offsets', partitionIndex=0, controllerEpoch=3, leader=0, leaderEpoch=0, isr=[0], partitionEpoch=0, replicas=[0], addingReplicas=[], removingReplicas=[], isNew=false, leaderRecoveryState=0), LeaderAndIsrPartitionState(topicName='__consumer_offsets', partitionIndex=29, controllerEpoch=3, leader=0, leaderEpoch=0, isr=[0], partitionEpoch=0, replicas=[0], addingReplicas=[], removingReplicas=[], isNew=false, leaderRecoveryState=0), LeaderAndIsrPartitionState(topicName='__consumer_offsets', partitionIndex=25, controllerEpoch=3, leader=0, leaderEpoch=0, isr=[0], partitionEpoch=0, replicas=[0], addingReplicas=[], removingReplicas=[], isNew=false, leaderRecoveryState=0), LeaderAndIsrPartitionState(topicName='__consumer_offsets', partitionIndex=8, controllerEpoch=3, leader=0, leaderEpoch=0, isr=[0], partitionEpoch=0, replicas=[0], addingReplicas=[], removingReplicas=[], isNew=false, leaderRecoveryState=0), LeaderAndIsrPartitionState(topicName='__consumer_offsets', partitionIndex=37, controllerEpoch=3, leader=0, leaderEpoch=0, isr=[0], partitionEpoch=0, replicas=[0], addingReplicas=[], removingReplicas=[], isNew=false, leaderRecoveryState=0), LeaderAndIsrPartitionState(topicName='__consumer_offsets', partitionIndex=4, controllerEpoch=3, leader=0, leaderEpoch=0, isr=[0], partitionEpoch=0, replicas=[0], addingReplicas=[], removingReplicas=[], isNew=false, leaderRecoveryState=0), LeaderAndIsrPartitionState(topicName='__consumer_offsets', partitionIndex=33, controllerEpoch=3, leader=0, leaderEpoch=0, isr=[0], partitionEpoch=0, replicas=[0], addingReplicas=[], removingReplicas=[], isNew=false, leaderRecoveryState=0), LeaderAndIsrPartitionState(topicName='__consumer_offsets', partitionIndex=15, controllerEpoch=3, leader=0, leaderEpoch=0, isr=[0], partitionEpoch=0, replicas=[0], addingReplicas=[], removingReplicas=[], isNew=false, leaderRecoveryState=0), LeaderAndIsrPartitionState(topicName='__consumer_offsets', partitionIndex=48, controllerEpoch=3, leader=0, leaderEpoch=0, isr=[0], partitionEpoch=0, replicas=[0], addingReplicas=[], removingReplicas=[], isNew=false, leaderRecoveryState=0), LeaderAndIsrPartitionState(topicName='__consumer_offsets', partitionIndex=11, controllerEpoch=3, leader=0, leaderEpoch=0, isr=[0], partitionEpoch=0, replicas=[0], addingReplicas=[], removingReplicas=[], isNew=false, leaderRecoveryState=0), LeaderAndIsrPartitionState(topicName='__consumer_offsets', partitionIndex=44, controllerEpoch=3, leader=0, leaderEpoch=0, isr=[0], partitionEpoch=0, replicas=[0], addingReplicas=[], removingReplicas=[], isNew=false, leaderRecoveryState=0), LeaderAndIsrPartitionState(topicName='__consumer_offsets', partitionIndex=23, controllerEpoch=3, leader=0, leaderEpoch=0, isr=[0], partitionEpoch=0, replicas=[0], addingReplicas=[], removingReplicas=[], isNew=false, leaderRecoveryState=0), LeaderAndIsrPartitionState(topicName='__consumer_offsets', partitionIndex=19, controllerEpoch=3, leader=0, leaderEpoch=0, isr=[0], partitionEpoch=0, replicas=[0], addingReplicas=[], removingReplicas=[], isNew=false, leaderRecoveryState=0), LeaderAndIsrPartitionState(topicName='__consumer_offsets', partitionIndex=32, controllerEpoch=3, leader=0, leaderEpoch=0, isr=[0], partitionEpoch=0, replicas=[0], addingReplicas=[], removingReplicas=[], isNew=false, leaderRecoveryState=0), LeaderAndIsrPartitionState(topicName='__consumer_offsets', partitionIndex=28, controllerEpoch=3, leader=0, leaderEpoch=0, isr=[0], partitionEpoch=0, replicas=[0], addingReplicas=[], removingReplicas=[], isNew=false, leaderRecoveryState=0), LeaderAndIsrPartitionState(topicName='__consumer_offsets', partitionIndex=7, controllerEpoch=3, leader=0, leaderEpoch=0, isr=[0], partitionEpoch=0, replicas=[0], addingReplicas=[], removingReplicas=[], isNew=false, leaderRecoveryState=0), LeaderAndIsrPartitionState(topicName='__consumer_offsets', partitionIndex=40, controllerEpoch=3, leader=0, leaderEpoch=0, isr=[0], partitionEpoch=0, replicas=[0], addingReplicas=[], removingReplicas=[], isNew=false, leaderRecoveryState=0), LeaderAndIsrPartitionState(topicName='__consumer_offsets', partitionIndex=3, controllerEpoch=3, leader=0, leaderEpoch=0, isr=[0], partitionEpoch=0, replicas=[0], addingReplicas=[], removingReplicas=[], isNew=false, leaderRecoveryState=0), LeaderAndIsrPartitionState(topicName='__consumer_offsets', partitionIndex=36, controllerEpoch=3, leader=0, leaderEpoch=0, isr=[0], partitionEpoch=0, replicas=[0], addingReplicas=[], removingReplicas=[], isNew=false, leaderRecoveryState=0), LeaderAndIsrPartitionState(topicName='__consumer_offsets', partitionIndex=47, controllerEpoch=3, leader=0, leaderEpoch=0, isr=[0], partitionEpoch=0, replicas=[0], addingReplicas=[], removingReplicas=[], isNew=false, leaderRecoveryState=0), LeaderAndIsrPartitionState(topicName='__consumer_offsets', partitionIndex=14, controllerEpoch=3, leader=0, leaderEpoch=0, isr=[0], partitionEpoch=0, replicas=[0], addingReplicas=[], removingReplicas=[], isNew=false, leaderRecoveryState=0), LeaderAndIsrPartitionState(topicName='__consumer_offsets', partitionIndex=43, controllerEpoch=3, leader=0, leaderEpoch=0, isr=[0], partitionEpoch=0, replicas=[0], addingReplicas=[], removingReplicas=[], isNew=false, leaderRecoveryState=0), LeaderAndIsrPartitionState(topicName='__consumer_offsets', partitionIndex=10, controllerEpoch=3, leader=0, leaderEpoch=0, isr=[0], partitionEpoch=0, replicas=[0], addingReplicas=[], removingReplicas=[], isNew=false, leaderRecoveryState=0), LeaderAndIsrPartitionState(topicName='__consumer_offsets', partitionIndex=22, controllerEpoch=3, leader=0, leaderEpoch=0, isr=[0], partitionEpoch=0, replicas=[0], addingReplicas=[], removingReplicas=[], isNew=false, leaderRecoveryState=0), LeaderAndIsrPartitionState(topicName='__consumer_offsets', partitionIndex=18, controllerEpoch=3, leader=0, leaderEpoch=0, isr=[0], partitionEpoch=0, replicas=[0], addingReplicas=[], removingReplicas=[], isNew=false, leaderRecoveryState=0), LeaderAndIsrPartitionState(topicName='__consumer_offsets', partitionIndex=31, controllerEpoch=3, leader=0, leaderEpoch=0, isr=[0], partitionEpoch=0, replicas=[0], addingReplicas=[], removingReplicas=[], isNew=false, leaderRecoveryState=0), LeaderAndIsrPartitionState(topicName='__consumer_offsets', partitionIndex=27, controllerEpoch=3, leader=0, leaderEpoch=0, isr=[0], partitionEpoch=0, replicas=[0], addingReplicas=[], removingReplicas=[], isNew=false, leaderRecoveryState=0), LeaderAndIsrPartitionState(topicName='__consumer_offsets', partitionIndex=39, controllerEpoch=3, leader=0, leaderEpoch=0, isr=[0], partitionEpoch=0, replicas=[0], addingReplicas=[], removingReplicas=[], isNew=false, leaderRecoveryState=0), LeaderAndIsrPartitionState(topicName='__consumer_offsets', partitionIndex=6, controllerEpoch=3, leader=0, leaderEpoch=0, isr=[0], partitionEpoch=0, replicas=[0], addingReplicas=[], removingReplicas=[], isNew=false, leaderRecoveryState=0), LeaderAndIsrPartitionState(topicName='__consumer_offsets', partitionIndex=35, controllerEpoch=3, leader=0, leaderEpoch=0, isr=[0], partitionEpoch=0, replicas=[0], addingReplicas=[], removingReplicas=[], isNew=false, leaderRecoveryState=0), LeaderAndIsrPartitionState(topicName='__consumer_offsets', partitionIndex=2, controllerEpoch=3, leader=0, leaderEpoch=0, isr=[0], partitionEpoch=0, replicas=[0], addingReplicas=[], removingReplicas=[], isNew=false, leaderRecoveryState=0)])], liveLeaders=[LeaderAndIsrLiveLeader(brokerId=0, hostName='SSLTP11229', port=9092)]) with context RequestContext(header=RequestHeader(apiKey=LEADER_AND_ISR, apiVersion=7, clientId=0, correlationId=1, headerVersion=2), connectionId='192.168.1.134:9092-192.168.1.134:51472-53149', clientAddress=/192.168.1.134, principal=User:ANONYMOUS, listenerName=ListenerName(PLAINTEXT), securityProtocol=PLAINTEXT, clientInformation=ClientInformation(softwareName=unknown, softwareVersion=unknown), fromPrivilegedListener=true, principalSerde=Optional[org.apache.kafka.common.security.authenticator.DefaultKafkaPrincipalBuilder@1002114]) (kafka.server.KafkaApis)
java.io.IOException: Map failed
	at sun.nio.ch.FileChannelImpl.map(Unknown Source)
	at kafka.log.AbstractIndex.<init>(AbstractIndex.scala:124)
	at kafka.log.OffsetIndex.<init>(OffsetIndex.scala:54)
	at kafka.log.LazyIndex$.$anonfun$forOffset$1(LazyIndex.scala:106)
	at kafka.log.LazyIndex.$anonfun$get$1(LazyIndex.scala:63)
	at kafka.log.LazyIndex.get(LazyIndex.scala:60)
	at kafka.log.LogSegment.offsetIndex(LogSegment.scala:66)
	at kafka.log.LogSegment.readNextOffset(LogSegment.scala:455)
	at kafka.log.LogLoader.deleteSegmentsIfLogStartGreaterThanLogEnd$1(LogLoader.scala:396)
	at kafka.log.LogLoader.recoverLog(LogLoader.scala:450)
	at kafka.log.LogLoader.load(LogLoader.scala:165)
	at kafka.log.UnifiedLog$.apply(UnifiedLog.scala:1853)
	at kafka.log.LogManager.$anonfun$getOrCreateLog$1(LogManager.scala:946)
	at scala.Option.getOrElse(Option.scala:201)
	at kafka.log.LogManager.getOrCreateLog(LogManager.scala:910)
	at kafka.cluster.Partition.createLog(Partition.scala:388)
	at kafka.cluster.Partition.maybeCreate$1(Partition.scala:363)
	at kafka.cluster.Partition.createLogIfNotExists(Partition.scala:370)
	at kafka.cluster.Partition.$anonfun$makeLeader$1(Partition.scala:606)
	at kafka.cluster.Partition.makeLeader(Partition.scala:565)
	at kafka.server.ReplicaManager.$anonfun$makeLeaders$5(ReplicaManager.scala:1606)
	at kafka.utils.Implicits$MapExtensionMethods$.$anonfun$forKeyValue$1(Implicits.scala:62)
	at scala.collection.mutable.HashMap$Node.foreachEntry(HashMap.scala:633)
	at scala.collection.mutable.HashMap.foreachEntry(HashMap.scala:499)
	at kafka.server.ReplicaManager.becomeLeaderOrFollower(ReplicaManager.scala:1604)
	at kafka.server.KafkaApis.handleLeaderAndIsrRequest(KafkaApis.scala:280)
	at kafka.server.KafkaApis.handle(KafkaApis.scala:187)
	at kafka.server.KafkaRequestHandler.run(KafkaRequestHandler.scala:75)
	at java.lang.Thread.run(Unknown Source)
Caused by: java.lang.OutOfMemoryError: Map failed
	at sun.nio.ch.FileChannelImpl.map0(Native Method)
	... 29 more
[2023-04-21 17:52:33,568] INFO [Admin Manager on Broker 0]: Error processing create topic request CreatableTopic(name='First Topic', numPartitions=10, replicationFactor=-1, assignments=[], configs=[]) (kafka.server.ZkAdminManager)
org.apache.kafka.common.errors.InvalidTopicException: Topic name is invalid: 'First Topic' contains one or more characters other than ASCII alphanumerics, '.', '_' and '-'
[2023-04-21 17:53:12,955] INFO Creating topic firstTopic with configuration {} and initial partition assignment HashMap(0 -> ArrayBuffer(0), 1 -> ArrayBuffer(0), 2 -> ArrayBuffer(0), 3 -> ArrayBuffer(0), 4 -> ArrayBuffer(0), 5 -> ArrayBuffer(0), 6 -> ArrayBuffer(0), 7 -> ArrayBuffer(0), 8 -> ArrayBuffer(0), 9 -> ArrayBuffer(0)) (kafka.zk.AdminZkClient)
[2023-04-21 17:53:13,094] INFO [Controller id=0, targetBrokerId=0] Node 0 disconnected. (org.apache.kafka.clients.NetworkClient)
[2023-04-21 17:53:13,133] INFO [ReplicaFetcherManager on broker 0] Removed fetcher for partitions HashSet(firstTopic-0, firstTopic-6, firstTopic-7, firstTopic-1, firstTopic-2, firstTopic-8, firstTopic-3, firstTopic-4, firstTopic-5, firstTopic-9) (kafka.server.ReplicaFetcherManager)
[2023-04-21 17:53:13,518] ERROR [KafkaApi-0] Unexpected error handling request RequestHeader(apiKey=LEADER_AND_ISR, apiVersion=7, clientId=0, correlationId=3, headerVersion=2) -- LeaderAndIsrRequestData(controllerId=0, isKRaftController=false, controllerEpoch=6, brokerEpoch=183, type=0, ungroupedPartitionStates=[], topicStates=[LeaderAndIsrTopicState(topicName='firstTopic', topicId=eHNWIPrgQP-r5GBYwd_fAw, partitionStates=[LeaderAndIsrPartitionState(topicName='firstTopic', partitionIndex=3, controllerEpoch=6, leader=0, leaderEpoch=0, isr=[0], partitionEpoch=0, replicas=[0], addingReplicas=[], removingReplicas=[], isNew=true, leaderRecoveryState=0), LeaderAndIsrPartitionState(topicName='firstTopic', partitionIndex=4, controllerEpoch=6, leader=0, leaderEpoch=0, isr=[0], partitionEpoch=0, replicas=[0], addingReplicas=[], removingReplicas=[], isNew=true, leaderRecoveryState=0), LeaderAndIsrPartitionState(topicName='firstTopic', partitionIndex=1, controllerEpoch=6, leader=0, leaderEpoch=0, isr=[0], partitionEpoch=0, replicas=[0], addingReplicas=[], removingReplicas=[], isNew=true, leaderRecoveryState=0), LeaderAndIsrPartitionState(topicName='firstTopic', partitionIndex=2, controllerEpoch=6, leader=0, leaderEpoch=0, isr=[0], partitionEpoch=0, replicas=[0], addingReplicas=[], removingReplicas=[], isNew=true, leaderRecoveryState=0), LeaderAndIsrPartitionState(topicName='firstTopic', partitionIndex=7, controllerEpoch=6, leader=0, leaderEpoch=0, isr=[0], partitionEpoch=0, replicas=[0], addingReplicas=[], removingReplicas=[], isNew=true, leaderRecoveryState=0), LeaderAndIsrPartitionState(topicName='firstTopic', partitionIndex=8, controllerEpoch=6, leader=0, leaderEpoch=0, isr=[0], partitionEpoch=0, replicas=[0], addingReplicas=[], removingReplicas=[], isNew=true, leaderRecoveryState=0), LeaderAndIsrPartitionState(topicName='firstTopic', partitionIndex=5, controllerEpoch=6, leader=0, leaderEpoch=0, isr=[0], partitionEpoch=0, replicas=[0], addingReplicas=[], removingReplicas=[], isNew=true, leaderRecoveryState=0), LeaderAndIsrPartitionState(topicName='firstTopic', partitionIndex=6, controllerEpoch=6, leader=0, leaderEpoch=0, isr=[0], partitionEpoch=0, replicas=[0], addingReplicas=[], removingReplicas=[], isNew=true, leaderRecoveryState=0), LeaderAndIsrPartitionState(topicName='firstTopic', partitionIndex=9, controllerEpoch=6, leader=0, leaderEpoch=0, isr=[0], partitionEpoch=0, replicas=[0], addingReplicas=[], removingReplicas=[], isNew=true, leaderRecoveryState=0), LeaderAndIsrPartitionState(topicName='firstTopic', partitionIndex=0, controllerEpoch=6, leader=0, leaderEpoch=0, isr=[0], partitionEpoch=0, replicas=[0], addingReplicas=[], removingReplicas=[], isNew=true, leaderRecoveryState=0)])], liveLeaders=[LeaderAndIsrLiveLeader(brokerId=0, hostName='SSLTP11229', port=9092)]) with context RequestContext(header=RequestHeader(apiKey=LEADER_AND_ISR, apiVersion=7, clientId=0, correlationId=3, headerVersion=2), connectionId='192.168.1.134:9092-192.168.1.134:60135-66681', clientAddress=/192.168.1.134, principal=User:ANONYMOUS, listenerName=ListenerName(PLAINTEXT), securityProtocol=PLAINTEXT, clientInformation=ClientInformation(softwareName=unknown, softwareVersion=unknown), fromPrivilegedListener=true, principalSerde=Optional[org.apache.kafka.common.security.authenticator.DefaultKafkaPrincipalBuilder@919aae]) (kafka.server.KafkaApis)
java.io.IOException: Map failed
	at sun.nio.ch.FileChannelImpl.map(Unknown Source)
	at kafka.log.AbstractIndex.<init>(AbstractIndex.scala:124)
	at kafka.log.OffsetIndex.<init>(OffsetIndex.scala:54)
	at kafka.log.LazyIndex$.$anonfun$forOffset$1(LazyIndex.scala:106)
	at kafka.log.LazyIndex.$anonfun$get$1(LazyIndex.scala:63)
	at kafka.log.LazyIndex.get(LazyIndex.scala:60)
	at kafka.log.LogSegment.offsetIndex(LogSegment.scala:66)
	at kafka.log.LogSegment.readNextOffset(LogSegment.scala:455)
	at kafka.log.LogLoader.$anonfun$recoverLog$6(LogLoader.scala:474)
	at scala.runtime.java8.JFunction0$mcJ$sp.apply(JFunction0$mcJ$sp.scala:17)
	at scala.Option.getOrElse(Option.scala:201)
	at kafka.log.LogLoader.recoverLog(LogLoader.scala:474)
	at kafka.log.LogLoader.load(LogLoader.scala:165)
	at kafka.log.UnifiedLog$.apply(UnifiedLog.scala:1853)
	at kafka.log.LogManager.$anonfun$getOrCreateLog$1(LogManager.scala:946)
	at scala.Option.getOrElse(Option.scala:201)
	at kafka.log.LogManager.getOrCreateLog(LogManager.scala:910)
	at kafka.cluster.Partition.createLog(Partition.scala:388)
	at kafka.cluster.Partition.maybeCreate$1(Partition.scala:363)
	at kafka.cluster.Partition.createLogIfNotExists(Partition.scala:370)
	at kafka.cluster.Partition.$anonfun$makeLeader$1(Partition.scala:606)
	at kafka.cluster.Partition.makeLeader(Partition.scala:565)
	at kafka.server.ReplicaManager.$anonfun$makeLeaders$5(ReplicaManager.scala:1606)
	at kafka.utils.Implicits$MapExtensionMethods$.$anonfun$forKeyValue$1(Implicits.scala:62)
	at scala.collection.mutable.HashMap$Node.foreachEntry(HashMap.scala:633)
	at scala.collection.mutable.HashMap.foreachEntry(HashMap.scala:499)
	at kafka.server.ReplicaManager.becomeLeaderOrFollower(ReplicaManager.scala:1604)
	at kafka.server.KafkaApis.handleLeaderAndIsrRequest(KafkaApis.scala:280)
	at kafka.server.KafkaApis.handle(KafkaApis.scala:187)
	at kafka.server.KafkaRequestHandler.run(KafkaRequestHandler.scala:75)
	at java.lang.Thread.run(Unknown Source)
Caused by: java.lang.OutOfMemoryError: Map failed
	at sun.nio.ch.FileChannelImpl.map0(Native Method)
	... 31 more
